<?xml version="1.0" encoding="UTF-8"?>
<testng-results skipped="0" failed="0" total="2" passed="2">
  <reporter-output>
  </reporter-output>
  <suite name="Regression" duration-ms="247711" started-at="2024-03-05T18:39:23Z" finished-at="2024-03-05T18:43:31Z">
    <groups>
      <group name="cucumber">
        <method signature="AbstractTestNGCucumberTests.feature(cucumber.api.testng.CucumberFeatureWrapper)[pri:0, instance:ironman.runners.RunnerClass@457e2f02]" name="feature" class="cucumber.api.testng.AbstractTestNGCucumberTests"/>
      </group> <!-- cucumber -->
    </groups>
    <test name="DollarTree" duration-ms="247711" started-at="2024-03-05T18:39:23Z" finished-at="2024-03-05T18:43:31Z">
      <class name="ironman.runners.RunnerClass">
        <test-method status="PASS" signature="setUpClass()[pri:0, instance:ironman.runners.RunnerClass@457e2f02]" name="setUpClass" is-config="true" duration-ms="248" started-at="2024-03-05T13:39:23Z" finished-at="2024-03-05T13:39:24Z">
          <reporter-output>
          </reporter-output>
        </test-method> <!-- setUpClass -->
        <test-method status="PASS" signature="feature(cucumber.api.testng.CucumberFeatureWrapper)[pri:0, instance:ironman.runners.RunnerClass@457e2f02]" name="feature" duration-ms="13670" started-at="2024-03-05T13:39:24Z" description="Runs Cucumber Feature" data-provider="features" finished-at="2024-03-05T13:39:37Z">
          <params>
            <param index="0">
              <value>
                <![CDATA[Store API Testing]]>
              </value>
            </param>
          </params>
          <reporter-output>
          </reporter-output>
        </test-method> <!-- feature -->
        <test-method status="PASS" signature="feature(cucumber.api.testng.CucumberFeatureWrapper)[pri:0, instance:ironman.runners.RunnerClass@457e2f02]" name="feature" duration-ms="233337" started-at="2024-03-05T13:39:37Z" description="Runs Cucumber Feature" data-provider="features" finished-at="2024-03-05T13:43:31Z">
          <params>
            <param index="0">
              <value>
                <![CDATA[DollarTree Toys and Office Mousehover]]>
              </value>
            </param>
          </params>
          <reporter-output>
          </reporter-output>
        </test-method> <!-- feature -->
        <test-method status="PASS" signature="writeExtentReport()[pri:0, instance:ironman.runners.RunnerClass@457e2f02]" name="writeExtentReport" is-config="true" duration-ms="39" started-at="2024-03-05T13:43:31Z" finished-at="2024-03-05T13:43:31Z">
          <reporter-output>
          </reporter-output>
        </test-method> <!-- writeExtentReport -->
        <test-method status="PASS" signature="tearDownClass()[pri:0, instance:ironman.runners.RunnerClass@457e2f02]" name="tearDownClass" is-config="true" duration-ms="336" started-at="2024-03-05T13:43:31Z" finished-at="2024-03-05T13:43:31Z">
          <reporter-output>
          </reporter-output>
        </test-method> <!-- tearDownClass -->
      </class> <!-- ironman.runners.RunnerClass -->
    </test> <!-- DollarTree -->
  </suite> <!-- Regression -->
</testng-results>
